#
# A fatal error has been detected by the Java Runtime Environment:
#
#  Internal Error (./open/src/hotspot/share/interpreter/oopMapCache.cpp:111), pid=16848, tid=16816
#  Error: ShouldNotReachHere()
#
# JRE version: OpenJDK Runtime Environment (15.0.2+7) (build 15.0.2+7-27)
# Java VM: OpenJDK 64-Bit Server VM (15.0.2+7-27, mixed mode, tiered, compressed oops, g1 gc, windows-amd64)
# No core dump will be written. Minidumps are not enabled by default on client versions of Windows
#
# If you would like to submit a bug report, please visit:
#   https://bugreport.java.com/bugreport/crash.jsp
#

---------------  S U M M A R Y ------------

Command Line: -XX:+ShowCodeDetailsInExceptionMessages -agentlib:jdwp=transport=dt_socket,suspend=y,address=localhost:65098 -javaagent:C:\Users\ishab\Downloads\eclipse-java-2021-03-R-win32-x86_64\eclipse\configuration\org.eclipse.osgi\222\0\.cp\lib\javaagent-shaded.jar -Dfile.encoding=Cp1252 com.hackerRank.DuplicateCount

Host: Intel(R) Core(TM) i5-6200U CPU @ 2.30GHz, 4 cores, 7G,  Windows 10 , 64 bit Build 19041 (10.0.19041.928)
Time: Mon Jun  7 11:20:45 2021 Eastern Daylight Time elapsed time: 4264.058207 seconds (0d 1h 11m 4s)

---------------  T H R E A D  ---------------

Current thread (0x0000014d23e04a10):  JavaThread "JDWP Transport Listener: dt_socket" daemon [_thread_in_vm, id=16816, stack(0x00000012b3400000,0x00000012b3500000)] _threads_hazard_ptr=0x0000014d24400b60

Stack: [0x00000012b3400000,0x00000012b3500000]
Native frames: (J=compiled Java code, j=interpreted, Vv=VM code, C=native code)
V  [jvm.dll+0x62ae9a]
V  [jvm.dll+0x7817a9]
V  [jvm.dll+0x782f03]
V  [jvm.dll+0x783517]
V  [jvm.dll+0x21628c]
V  [jvm.dll+0x2161d3]
V  [jvm.dll+0x619eea]
V  [jvm.dll+0x619ba3]
V  [jvm.dll+0x5df278]
V  [jvm.dll+0x77876f]
V  [jvm.dll+0x4f02e1]
V  [jvm.dll+0x7882b5]
V  [jvm.dll+0x4d40ea]
V  [jvm.dll+0x49526b]
C  [jdwp.dll+0x7f79]


---------------  P R O C E S S  ---------------

Threads class SMR info:
_java_thread_list=0x0000014d24400b60, length=14, elements={
0x0000014d07992040, 0x0000014d23b82130, 0x0000014d23b82d00, 0x0000014d233639a0,
0x0000014d23366460, 0x0000014d23366f10, 0x0000014d23367cf0, 0x0000014d23c15930,
0x0000014d23c17f40, 0x0000014d23ceabf0, 0x0000014d23e04a10, 0x0000014d23e20ac0,
0x0000014d23e20fb0, 0x0000014d24401df0
}

Java Threads: ( => current thread )
  0x0000014d07992040 JavaThread "main" [_thread_blocked, id=4140, stack(0x00000012b2400000,0x00000012b2500000)]
  0x0000014d23b82130 JavaThread "Reference Handler" daemon [_thread_blocked, id=4708, stack(0x00000012b2b00000,0x00000012b2c00000)]
  0x0000014d23b82d00 JavaThread "Finalizer" daemon [_thread_blocked, id=16856, stack(0x00000012b2c00000,0x00000012b2d00000)]
  0x0000014d233639a0 JavaThread "Signal Dispatcher" daemon [_thread_blocked, id=688, stack(0x00000012b2d00000,0x00000012b2e00000)]
  0x0000014d23366460 JavaThread "Attach Listener" daemon [_thread_blocked, id=4704, stack(0x00000012b2e00000,0x00000012b2f00000)]
  0x0000014d23366f10 JavaThread "Service Thread" daemon [_thread_blocked, id=10076, stack(0x00000012b2f00000,0x00000012b3000000)]
  0x0000014d23367cf0 JavaThread "C2 CompilerThread0" daemon [_thread_blocked, id=17288, stack(0x00000012b3000000,0x00000012b3100000)]
  0x0000014d23c15930 JavaThread "C1 CompilerThread0" daemon [_thread_blocked, id=16936, stack(0x00000012b3100000,0x00000012b3200000)]
  0x0000014d23c17f40 JavaThread "Sweeper thread" daemon [_thread_blocked, id=7700, stack(0x00000012b3200000,0x00000012b3300000)]
  0x0000014d23ceabf0 JavaThread "Common-Cleaner" daemon [_thread_blocked, id=9332, stack(0x00000012b3300000,0x00000012b3400000)]
=>0x0000014d23e04a10 JavaThread "JDWP Transport Listener: dt_socket" daemon [_thread_in_vm, id=16816, stack(0x00000012b3400000,0x00000012b3500000)] _threads_hazard_ptr=0x0000014d24400b60
  0x0000014d23e20ac0 JavaThread "JDWP Event Helper Thread" daemon [_thread_blocked, id=16508, stack(0x00000012b3500000,0x00000012b3600000)]
  0x0000014d23e20fb0 JavaThread "JDWP Command Reader" daemon [_thread_in_native, id=4568, stack(0x00000012b3600000,0x00000012b3700000)]
  0x0000014d24401df0 JavaThread "Notification Thread" daemon [_thread_blocked, id=3940, stack(0x00000012b3700000,0x00000012b3800000)]

Other Threads:
  0x0000014d2333a460 VMThread "VM Thread" [stack: 0x00000012b2a00000,0x00000012b2b00000] [id=16180]
  0x0000014d23f68880 WatcherThread [stack: 0x00000012b3800000,0x00000012b3900000] [id=1332]
  0x0000014d079d3440 GCTaskThread "GC Thread#0" [stack: 0x00000012b2500000,0x00000012b2600000] [id=17396]
  0x0000014d079e43d0 ConcurrentGCThread "G1 Main Marker" [stack: 0x00000012b2600000,0x00000012b2700000] [id=6404]
  0x0000014d079e5040 ConcurrentGCThread "G1 Conc#0" [stack: 0x00000012b2700000,0x00000012b2800000] [id=12248]
  0x0000014d07a5cc50 ConcurrentGCThread "G1 Refine#0" [stack: 0x00000012b2800000,0x00000012b2900000] [id=6828]
  0x0000014d07a61620 ConcurrentGCThread "G1 Young RemSet Sampling" [stack: 0x00000012b2900000,0x00000012b2a00000] [id=16196]

Threads with active compile tasks:

VM state: not at safepoint (normal execution)

VM Mutex/Monitor currently owned by a thread: None

Heap address: 0x0000000081a00000, size: 2022 MB, Compressed Oops mode: 32-bit
CDS disabled.
Compressed class space mapped at: 0x0000000100000000-0x0000000140000000, size: 1073741824
Narrow klass base: 0x0000000000000000, Narrow klass shift: 3, Narrow klass range: 0x140000000

GC Precious Log:
 CPUs: 4 total, 4 available
 Memory: 8082M
 Large Page Support: Disabled
 NUMA Support: Disabled
 Compressed Oops: Enabled (32-bit)
 Heap Region Size: 1M
 Heap Min Capacity: 8M
 Heap Initial Capacity: 128M
 Heap Max Capacity: 2022M
 Pre-touch: Disabled
 Parallel Workers: 4
 Concurrent Workers: 1
 Concurrent Refinement Workers: 4
 Periodic GC: Disabled

Heap:
 garbage-first heap   total 131072K, used 5120K [0x0000000081a00000, 0x0000000100000000)
  region size 1024K, 6 young (6144K), 0 survivors (0K)
 Metaspace       used 9391K, capacity 9502K, committed 9600K, reserved 1058816K
  class space    used 797K, capacity 821K, committed 896K, reserved 1048576K

Heap Regions: E=young(eden), S=young(survivor), O=old, HS=humongous(starts), HC=humongous(continues), CS=collection set, F=free, OA=open archive, CA=closed archive, TAMS=top-at-mark-start (previous, next)
|   0|0x0000000081a00000, 0x0000000081a00000, 0x0000000081b00000|  0%| F|  |TAMS 0x0000000081a00000, 0x0000000081a00000| Untracked 
|   1|0x0000000081b00000, 0x0000000081b00000, 0x0000000081c00000|  0%| F|  |TAMS 0x0000000081b00000, 0x0000000081b00000| Untracked 
|   2|0x0000000081c00000, 0x0000000081c00000, 0x0000000081d00000|  0%| F|  |TAMS 0x0000000081c00000, 0x0000000081c00000| Untracked 
|   3|0x0000000081d00000, 0x0000000081d00000, 0x0000000081e00000|  0%| F|  |TAMS 0x0000000081d00000, 0x0000000081d00000| Untracked 
|   4|0x0000000081e00000, 0x0000000081e00000, 0x0000000081f00000|  0%| F|  |TAMS 0x0000000081e00000, 0x0000000081e00000| Untracked 
|   5|0x0000000081f00000, 0x0000000081f00000, 0x0000000082000000|  0%| F|  |TAMS 0x0000000081f00000, 0x0000000081f00000| Untracked 
|   6|0x0000000082000000, 0x0000000082000000, 0x0000000082100000|  0%| F|  |TAMS 0x0000000082000000, 0x0000000082000000| Untracked 
|   7|0x0000000082100000, 0x0000000082100000, 0x0000000082200000|  0%| F|  |TAMS 0x0000000082100000, 0x0000000082100000| Untracked 
|   8|0x0000000082200000, 0x0000000082200000, 0x0000000082300000|  0%| F|  |TAMS 0x0000000082200000, 0x0000000082200000| Untracked 
|   9|0x0000000082300000, 0x0000000082300000, 0x0000000082400000|  0%| F|  |TAMS 0x0000000082300000, 0x0000000082300000| Untracked 
|  10|0x0000000082400000, 0x0000000082400000, 0x0000000082500000|  0%| F|  |TAMS 0x0000000082400000, 0x0000000082400000| Untracked 
|  11|0x0000000082500000, 0x0000000082500000, 0x0000000082600000|  0%| F|  |TAMS 0x0000000082500000, 0x0000000082500000| Untracked 
|  12|0x0000000082600000, 0x0000000082600000, 0x0000000082700000|  0%| F|  |TAMS 0x0000000082600000, 0x0000000082600000| Untracked 
|  13|0x0000000082700000, 0x0000000082700000, 0x0000000082800000|  0%| F|  |TAMS 0x0000000082700000, 0x0000000082700000| Untracked 
|  14|0x0000000082800000, 0x0000000082800000, 0x0000000082900000|  0%| F|  |TAMS 0x0000000082800000, 0x0000000082800000| Untracked 
|  15|0x0000000082900000, 0x0000000082900000, 0x0000000082a00000|  0%| F|  |TAMS 0x0000000082900000, 0x0000000082900000| Untracked 
|  16|0x0000000082a00000, 0x0000000082a00000, 0x0000000082b00000|  0%| F|  |TAMS 0x0000000082a00000, 0x0000000082a00000| Untracked 
|  17|0x0000000082b00000, 0x0000000082b00000, 0x0000000082c00000|  0%| F|  |TAMS 0x0000000082b00000, 0x0000000082b00000| Untracked 
|  18|0x0000000082c00000, 0x0000000082c00000, 0x0000000082d00000|  0%| F|  |TAMS 0x0000000082c00000, 0x0000000082c00000| Untracked 
|  19|0x0000000082d00000, 0x0000000082d00000, 0x0000000082e00000|  0%| F|  |TAMS 0x0000000082d00000, 0x0000000082d00000| Untracked 
|  20|0x0000000082e00000, 0x0000000082e00000, 0x0000000082f00000|  0%| F|  |TAMS 0x0000000082e00000, 0x0000000082e00000| Untracked 
|  21|0x0000000082f00000, 0x0000000082f00000, 0x0000000083000000|  0%| F|  |TAMS 0x0000000082f00000, 0x0000000082f00000| Untracked 
|  22|0x0000000083000000, 0x0000000083000000, 0x0000000083100000|  0%| F|  |TAMS 0x0000000083000000, 0x0000000083000000| Untracked 
|  23|0x0000000083100000, 0x0000000083100000, 0x0000000083200000|  0%| F|  |TAMS 0x0000000083100000, 0x0000000083100000| Untracked 
|  24|0x0000000083200000, 0x0000000083200000, 0x0000000083300000|  0%| F|  |TAMS 0x0000000083200000, 0x0000000083200000| Untracked 
|  25|0x0000000083300000, 0x0000000083300000, 0x0000000083400000|  0%| F|  |TAMS 0x0000000083300000, 0x0000000083300000| Untracked 
|  26|0x0000000083400000, 0x0000000083400000, 0x0000000083500000|  0%| F|  |TAMS 0x0000000083400000, 0x0000000083400000| Untracked 
|  27|0x0000000083500000, 0x0000000083500000, 0x0000000083600000|  0%| F|  |TAMS 0x0000000083500000, 0x0000000083500000| Untracked 
|  28|0x0000000083600000, 0x0000000083600000, 0x0000000083700000|  0%| F|  |TAMS 0x0000000083600000, 0x0000000083600000| Untracked 
|  29|0x0000000083700000, 0x0000000083700000, 0x0000000083800000|  0%| F|  |TAMS 0x0000000083700000, 0x0000000083700000| Untracked 
|  30|0x0000000083800000, 0x0000000083800000, 0x0000000083900000|  0%| F|  |TAMS 0x0000000083800000, 0x0000000083800000| Untracked 
|  31|0x0000000083900000, 0x0000000083900000, 0x0000000083a00000|  0%| F|  |TAMS 0x0000000083900000, 0x0000000083900000| Untracked 
|  32|0x0000000083a00000, 0x0000000083a00000, 0x0000000083b00000|  0%| F|  |TAMS 0x0000000083a00000, 0x0000000083a00000| Untracked 
|  33|0x0000000083b00000, 0x0000000083b00000, 0x0000000083c00000|  0%| F|  |TAMS 0x0000000083b00000, 0x0000000083b00000| Untracked 
|  34|0x0000000083c00000, 0x0000000083c00000, 0x0000000083d00000|  0%| F|  |TAMS 0x0000000083c00000, 0x0000000083c00000| Untracked 
|  35|0x0000000083d00000, 0x0000000083d00000, 0x0000000083e00000|  0%| F|  |TAMS 0x0000000083d00000, 0x0000000083d00000| Untracked 
|  36|0x0000000083e00000, 0x0000000083e00000, 0x0000000083f00000|  0%| F|  |TAMS 0x0000000083e00000, 0x0000000083e00000| Untracked 
|  37|0x0000000083f00000, 0x0000000083f00000, 0x0000000084000000|  0%| F|  |TAMS 0x0000000083f00000, 0x0000000083f00000| Untracked 
|  38|0x0000000084000000, 0x0000000084000000, 0x0000000084100000|  0%| F|  |TAMS 0x0000000084000000, 0x0000000084000000| Untracked 
|  39|0x0000000084100000, 0x0000000084100000, 0x0000000084200000|  0%| F|  |TAMS 0x0000000084100000, 0x0000000084100000| Untracked 
|  40|0x0000000084200000, 0x0000000084200000, 0x0000000084300000|  0%| F|  |TAMS 0x0000000084200000, 0x0000000084200000| Untracked 
|  41|0x0000000084300000, 0x0000000084300000, 0x0000000084400000|  0%| F|  |TAMS 0x0000000084300000, 0x0000000084300000| Untracked 
|  42|0x0000000084400000, 0x0000000084400000, 0x0000000084500000|  0%| F|  |TAMS 0x0000000084400000, 0x0000000084400000| Untracked 
|  43|0x0000000084500000, 0x0000000084500000, 0x0000000084600000|  0%| F|  |TAMS 0x0000000084500000, 0x0000000084500000| Untracked 
|  44|0x0000000084600000, 0x0000000084600000, 0x0000000084700000|  0%| F|  |TAMS 0x0000000084600000, 0x0000000084600000| Untracked 
|  45|0x0000000084700000, 0x0000000084700000, 0x0000000084800000|  0%| F|  |TAMS 0x0000000084700000, 0x0000000084700000| Untracked 
|  46|0x0000000084800000, 0x0000000084800000, 0x0000000084900000|  0%| F|  |TAMS 0x0000000084800000, 0x0000000084800000| Untracked 
|  47|0x0000000084900000, 0x0000000084900000, 0x0000000084a00000|  0%| F|  |TAMS 0x0000000084900000, 0x0000000084900000| Untracked 
|  48|0x0000000084a00000, 0x0000000084a00000, 0x0000000084b00000|  0%| F|  |TAMS 0x0000000084a00000, 0x0000000084a00000| Untracked 
|  49|0x0000000084b00000, 0x0000000084b00000, 0x0000000084c00000|  0%| F|  |TAMS 0x0000000084b00000, 0x0000000084b00000| Untracked 
|  50|0x0000000084c00000, 0x0000000084c00000, 0x0000000084d00000|  0%| F|  |TAMS 0x0000000084c00000, 0x0000000084c00000| Untracked 
|  51|0x0000000084d00000, 0x0000000084d00000, 0x0000000084e00000|  0%| F|  |TAMS 0x0000000084d00000, 0x0000000084d00000| Untracked 
|  52|0x0000000084e00000, 0x0000000084e00000, 0x0000000084f00000|  0%| F|  |TAMS 0x0000000084e00000, 0x0000000084e00000| Untracked 
|  53|0x0000000084f00000, 0x0000000084f00000, 0x0000000085000000|  0%| F|  |TAMS 0x0000000084f00000, 0x0000000084f00000| Untracked 
|  54|0x0000000085000000, 0x0000000085000000, 0x0000000085100000|  0%| F|  |TAMS 0x0000000085000000, 0x0000000085000000| Untracked 
|  55|0x0000000085100000, 0x0000000085100000, 0x0000000085200000|  0%| F|  |TAMS 0x0000000085100000, 0x0000000085100000| Untracked 
|  56|0x0000000085200000, 0x0000000085200000, 0x0000000085300000|  0%| F|  |TAMS 0x0000000085200000, 0x0000000085200000| Untracked 
|  57|0x0000000085300000, 0x0000000085300000, 0x0000000085400000|  0%| F|  |TAMS 0x0000000085300000, 0x0000000085300000| Untracked 
|  58|0x0000000085400000, 0x0000000085400000, 0x0000000085500000|  0%| F|  |TAMS 0x0000000085400000, 0x0000000085400000| Untracked 
|  59|0x0000000085500000, 0x0000000085500000, 0x0000000085600000|  0%| F|  |TAMS 0x0000000085500000, 0x0000000085500000| Untracked 
|  60|0x0000000085600000, 0x0000000085600000, 0x0000000085700000|  0%| F|  |TAMS 0x0000000085600000, 0x0000000085600000| Untracked 
|  61|0x0000000085700000, 0x0000000085700000, 0x0000000085800000|  0%| F|  |TAMS 0x0000000085700000, 0x0000000085700000| Untracked 
|  62|0x0000000085800000, 0x0000000085800000, 0x0000000085900000|  0%| F|  |TAMS 0x0000000085800000, 0x0000000085800000| Untracked 
|  63|0x0000000085900000, 0x0000000085900000, 0x0000000085a00000|  0%| F|  |TAMS 0x0000000085900000, 0x0000000085900000| Untracked 
|  64|0x0000000085a00000, 0x0000000085a00000, 0x0000000085b00000|  0%| F|  |TAMS 0x0000000085a00000, 0x0000000085a00000| Untracked 
|  65|0x0000000085b00000, 0x0000000085b00000, 0x0000000085c00000|  0%| F|  |TAMS 0x0000000085b00000, 0x0000000085b00000| Untracked 
|  66|0x0000000085c00000, 0x0000000085c00000, 0x0000000085d00000|  0%| F|  |TAMS 0x0000000085c00000, 0x0000000085c00000| Untracked 
|  67|0x0000000085d00000, 0x0000000085d00000, 0x0000000085e00000|  0%| F|  |TAMS 0x0000000085d00000, 0x0000000085d00000| Untracked 
|  68|0x0000000085e00000, 0x0000000085e00000, 0x0000000085f00000|  0%| F|  |TAMS 0x0000000085e00000, 0x0000000085e00000| Untracked 
|  69|0x0000000085f00000, 0x0000000085f00000, 0x0000000086000000|  0%| F|  |TAMS 0x0000000085f00000, 0x0000000085f00000| Untracked 
|  70|0x0000000086000000, 0x0000000086000000, 0x0000000086100000|  0%| F|  |TAMS 0x0000000086000000, 0x0000000086000000| Untracked 
|  71|0x0000000086100000, 0x0000000086100000, 0x0000000086200000|  0%| F|  |TAMS 0x0000000086100000, 0x0000000086100000| Untracked 
|  72|0x0000000086200000, 0x0000000086200000, 0x0000000086300000|  0%| F|  |TAMS 0x0000000086200000, 0x0000000086200000| Untracked 
|  73|0x0000000086300000, 0x0000000086300000, 0x0000000086400000|  0%| F|  |TAMS 0x0000000086300000, 0x0000000086300000| Untracked 
|  74|0x0000000086400000, 0x0000000086400000, 0x0000000086500000|  0%| F|  |TAMS 0x0000000086400000, 0x0000000086400000| Untracked 
|  75|0x0000000086500000, 0x0000000086500000, 0x0000000086600000|  0%| F|  |TAMS 0x0000000086500000, 0x0000000086500000| Untracked 
|  76|0x0000000086600000, 0x0000000086600000, 0x0000000086700000|  0%| F|  |TAMS 0x0000000086600000, 0x0000000086600000| Untracked 
|  77|0x0000000086700000, 0x0000000086700000, 0x0000000086800000|  0%| F|  |TAMS 0x0000000086700000, 0x0000000086700000| Untracked 
|  78|0x0000000086800000, 0x0000000086800000, 0x0000000086900000|  0%| F|  |TAMS 0x0000000086800000, 0x0000000086800000| Untracked 
|  79|0x0000000086900000, 0x0000000086900000, 0x0000000086a00000|  0%| F|  |TAMS 0x0000000086900000, 0x0000000086900000| Untracked 
|  80|0x0000000086a00000, 0x0000000086a00000, 0x0000000086b00000|  0%| F|  |TAMS 0x0000000086a00000, 0x0000000086a00000| Untracked 
|  81|0x0000000086b00000, 0x0000000086b00000, 0x0000000086c00000|  0%| F|  |TAMS 0x0000000086b00000, 0x0000000086b00000| Untracked 
|  82|0x0000000086c00000, 0x0000000086c00000, 0x0000000086d00000|  0%| F|  |TAMS 0x0000000086c00000, 0x0000000086c00000| Untracked 
|  83|0x0000000086d00000, 0x0000000086d00000, 0x0000000086e00000|  0%| F|  |TAMS 0x0000000086d00000, 0x0000000086d00000| Untracked 
|  84|0x0000000086e00000, 0x0000000086e00000, 0x0000000086f00000|  0%| F|  |TAMS 0x0000000086e00000, 0x0000000086e00000| Untracked 
|  85|0x0000000086f00000, 0x0000000086f00000, 0x0000000087000000|  0%| F|  |TAMS 0x0000000086f00000, 0x0000000086f00000| Untracked 
|  86|0x0000000087000000, 0x0000000087000000, 0x0000000087100000|  0%| F|  |TAMS 0x0000000087000000, 0x0000000087000000| Untracked 
|  87|0x0000000087100000, 0x0000000087100000, 0x0000000087200000|  0%| F|  |TAMS 0x0000000087100000, 0x0000000087100000| Untracked 
|  88|0x0000000087200000, 0x0000000087200000, 0x0000000087300000|  0%| F|  |TAMS 0x0000000087200000, 0x0000000087200000| Untracked 
|  89|0x0000000087300000, 0x0000000087300000, 0x0000000087400000|  0%| F|  |TAMS 0x0000000087300000, 0x0000000087300000| Untracked 
|  90|0x0000000087400000, 0x0000000087400000, 0x0000000087500000|  0%| F|  |TAMS 0x0000000087400000, 0x0000000087400000| Untracked 
|  91|0x0000000087500000, 0x0000000087500000, 0x0000000087600000|  0%| F|  |TAMS 0x0000000087500000, 0x0000000087500000| Untracked 
|  92|0x0000000087600000, 0x0000000087600000, 0x0000000087700000|  0%| F|  |TAMS 0x0000000087600000, 0x0000000087600000| Untracked 
|  93|0x0000000087700000, 0x0000000087700000, 0x0000000087800000|  0%| F|  |TAMS 0x0000000087700000, 0x0000000087700000| Untracked 
|  94|0x0000000087800000, 0x0000000087800000, 0x0000000087900000|  0%| F|  |TAMS 0x0000000087800000, 0x0000000087800000| Untracked 
|  95|0x0000000087900000, 0x0000000087900000, 0x0000000087a00000|  0%| F|  |TAMS 0x0000000087900000, 0x0000000087900000| Untracked 
|  96|0x0000000087a00000, 0x0000000087a00000, 0x0000000087b00000|  0%| F|  |TAMS 0x0000000087a00000, 0x0000000087a00000| Untracked 
|  97|0x0000000087b00000, 0x0000000087b00000, 0x0000000087c00000|  0%| F|  |TAMS 0x0000000087b00000, 0x0000000087b00000| Untracked 
|  98|0x0000000087c00000, 0x0000000087c00000, 0x0000000087d00000|  0%| F|  |TAMS 0x0000000087c00000, 0x0000000087c00000| Untracked 
|  99|0x0000000087d00000, 0x0000000087d00000, 0x0000000087e00000|  0%| F|  |TAMS 0x0000000087d00000, 0x0000000087d00000| Untracked 
| 100|0x0000000087e00000, 0x0000000087e00000, 0x0000000087f00000|  0%| F|  |TAMS 0x0000000087e00000, 0x0000000087e00000| Untracked 
| 101|0x0000000087f00000, 0x0000000087f00000, 0x0000000088000000|  0%| F|  |TAMS 0x0000000087f00000, 0x0000000087f00000| Untracked 
| 102|0x0000000088000000, 0x0000000088000000, 0x0000000088100000|  0%| F|  |TAMS 0x0000000088000000, 0x0000000088000000| Untracked 
| 103|0x0000000088100000, 0x0000000088100000, 0x0000000088200000|  0%| F|  |TAMS 0x0000000088100000, 0x0000000088100000| Untracked 
| 104|0x0000000088200000, 0x0000000088200000, 0x0000000088300000|  0%| F|  |TAMS 0x0000000088200000, 0x0000000088200000| Untracked 
| 105|0x0000000088300000, 0x0000000088300000, 0x0000000088400000|  0%| F|  |TAMS 0x0000000088300000, 0x0000000088300000| Untracked 
| 106|0x0000000088400000, 0x0000000088400000, 0x0000000088500000|  0%| F|  |TAMS 0x0000000088400000, 0x0000000088400000| Untracked 
| 107|0x0000000088500000, 0x0000000088500000, 0x0000000088600000|  0%| F|  |TAMS 0x0000000088500000, 0x0000000088500000| Untracked 
| 108|0x0000000088600000, 0x0000000088600000, 0x0000000088700000|  0%| F|  |TAMS 0x0000000088600000, 0x0000000088600000| Untracked 
| 109|0x0000000088700000, 0x0000000088700000, 0x0000000088800000|  0%| F|  |TAMS 0x0000000088700000, 0x0000000088700000| Untracked 
| 110|0x0000000088800000, 0x0000000088800000, 0x0000000088900000|  0%| F|  |TAMS 0x0000000088800000, 0x0000000088800000| Untracked 
| 111|0x0000000088900000, 0x0000000088900000, 0x0000000088a00000|  0%| F|  |TAMS 0x0000000088900000, 0x0000000088900000| Untracked 
| 112|0x0000000088a00000, 0x0000000088a00000, 0x0000000088b00000|  0%| F|  |TAMS 0x0000000088a00000, 0x0000000088a00000| Untracked 
| 113|0x0000000088b00000, 0x0000000088b00000, 0x0000000088c00000|  0%| F|  |TAMS 0x0000000088b00000, 0x0000000088b00000| Untracked 
| 114|0x0000000088c00000, 0x0000000088c00000, 0x0000000088d00000|  0%| F|  |TAMS 0x0000000088c00000, 0x0000000088c00000| Untracked 
| 115|0x0000000088d00000, 0x0000000088d00000, 0x0000000088e00000|  0%| F|  |TAMS 0x0000000088d00000, 0x0000000088d00000| Untracked 
| 116|0x0000000088e00000, 0x0000000088e00000, 0x0000000088f00000|  0%| F|  |TAMS 0x0000000088e00000, 0x0000000088e00000| Untracked 
| 117|0x0000000088f00000, 0x0000000088f00000, 0x0000000089000000|  0%| F|  |TAMS 0x0000000088f00000, 0x0000000088f00000| Untracked 
| 118|0x0000000089000000, 0x0000000089000000, 0x0000000089100000|  0%| F|  |TAMS 0x0000000089000000, 0x0000000089000000| Untracked 
| 119|0x0000000089100000, 0x0000000089100000, 0x0000000089200000|  0%| F|  |TAMS 0x0000000089100000, 0x0000000089100000| Untracked 
| 120|0x0000000089200000, 0x0000000089200000, 0x0000000089300000|  0%| F|  |TAMS 0x0000000089200000, 0x0000000089200000| Untracked 
| 121|0x0000000089300000, 0x0000000089300000, 0x0000000089400000|  0%| F|  |TAMS 0x0000000089300000, 0x0000000089300000| Untracked 
| 122|0x0000000089400000, 0x0000000089447a90, 0x0000000089500000| 27%| E|  |TAMS 0x0000000089400000, 0x0000000089400000| Complete 
| 123|0x0000000089500000, 0x0000000089600000, 0x0000000089600000|100%| E|CS|TAMS 0x0000000089500000, 0x0000000089500000| Complete 
| 124|0x0000000089600000, 0x0000000089700000, 0x0000000089700000|100%| E|CS|TAMS 0x0000000089600000, 0x0000000089600000| Complete 
| 125|0x0000000089700000, 0x0000000089800000, 0x0000000089800000|100%| E|CS|TAMS 0x0000000089700000, 0x0000000089700000| Complete 
| 126|0x0000000089800000, 0x0000000089900000, 0x0000000089900000|100%| E|CS|TAMS 0x0000000089800000, 0x0000000089800000| Complete 
| 127|0x0000000089900000, 0x0000000089a00000, 0x0000000089a00000|100%| E|CS|TAMS 0x0000000089900000, 0x0000000089900000| Complete 

Card table byte_map: [0x0000014d1c5f0000,0x0000014d1c9f0000] _byte_map_base: 0x0000014d1c1e3000

Marking Bits (Prev, Next): (CMBitMap*) 0x0000014d079d3cb0, (CMBitMap*) 0x0000014d079d3cf0
 Prev Bits: [0x0000014d1cdf0000, 0x0000014d1ed88000)
 Next Bits: [0x0000014d1ed90000, 0x0000014d20d28000)

Polling page: 0x0000014d07860000

Metaspace:

Usage:
  Non-class:      8.48 MB capacity,     8.39 MB ( 99%) used,    81.77 KB ( <1%) free+waste,     5.56 KB ( <1%) overhead. 
      Class:    821.00 KB capacity,   797.33 KB ( 97%) used,    21.98 KB (  3%) free+waste,     1.69 KB ( <1%) overhead. 
       Both:      9.28 MB capacity,     9.17 MB ( 99%) used,   103.75 KB (  1%) free+waste,     7.25 KB ( <1%) overhead. 

Virtual space:
  Non-class space:       10.00 MB reserved,       8.50 MB ( 85%) committed 
      Class space:        1.00 GB reserved,     896.00 KB ( <1%) committed 
             Both:        1.01 GB reserved,       9.38 MB ( <1%) committed 

Chunk freelists:
   Non-Class:  23.00 KB
       Class:  11.00 KB
        Both:  34.00 KB

MaxMetaspaceSize: 17179869184.00 GB
CompressedClassSpaceSize: 1.00 GB

CodeHeap 'non-profiled nmethods': size=120000Kb used=130Kb max_used=130Kb free=119869Kb
 bounds [0x0000014d146a0000, 0x0000014d14910000, 0x0000014d1bbd0000]
CodeHeap 'profiled nmethods': size=120000Kb used=582Kb max_used=582Kb free=119417Kb
 bounds [0x0000014d0d170000, 0x0000014d0d3e0000, 0x0000014d146a0000]
CodeHeap 'non-nmethods': size=5760Kb used=1222Kb max_used=1240Kb free=4537Kb
 bounds [0x0000014d0cbd0000, 0x0000014d0ce40000, 0x0000014d0d170000]
 total_blobs=826 nmethods=440 adapters=299
 compilation: enabled
              stopped_count=0, restarted_count=0
 full_count=0

Compilation events (20 events):
Event: 284.953 Thread 0x0000014d23c15930  434       3       org.eclipse.jdt.launching.internal.org.objectweb.asm.ClassReader::readUTF8 (23 bytes)
Event: 284.953 Thread 0x0000014d23c15930 nmethod 434 0x0000014d0d1ff210 code [0x0000014d0d1ff3c0, 0x0000014d0d1ff5f8]
Event: 284.953 Thread 0x0000014d23c15930  435       3       org.eclipse.jdt.launching.internal.org.objectweb.asm.Symbol::<init> (38 bytes)
Event: 284.953 Thread 0x0000014d23c15930 nmethod 435 0x0000014d0d1ff710 code [0x0000014d0d1ff8c0, 0x0000014d0d1ffb58]
Event: 284.953 Thread 0x0000014d23c15930  436       3       org.eclipse.jdt.launching.internal.org.objectweb.asm.SymbolTable::add (39 bytes)
Event: 284.954 Thread 0x0000014d23c15930 nmethod 436 0x0000014d0d1ffc90 code [0x0000014d0d1ffe40, 0x0000014d0d200178]
Event: 284.954 Thread 0x0000014d23c15930  437       3       org.eclipse.jdt.launching.internal.org.objectweb.asm.ClassReader::readUtf (161 bytes)
Event: 284.954 Thread 0x0000014d23c15930 nmethod 437 0x0000014d0d200290 code [0x0000014d0d200460, 0x0000014d0d200908]
Event: 284.954 Thread 0x0000014d23c15930  438       3       org.eclipse.jdt.launching.internal.org.objectweb.asm.SymbolTable::hash (10 bytes)
Event: 284.955 Thread 0x0000014d23c15930 nmethod 438 0x0000014d0d200c10 code [0x0000014d0d200dc0, 0x0000014d0d200ee8]
Event: 284.955 Thread 0x0000014d23c15930  439       3       org.eclipse.jdt.launching.internal.org.objectweb.asm.SymbolTable$Entry::<init> (17 bytes)
Event: 284.955 Thread 0x0000014d23c15930 nmethod 439 0x0000014d0d201010 code [0x0000014d0d2011c0, 0x0000014d0d201348]
Event: 411.681 Thread 0x0000014d23367cf0  440       4       org.eclipse.jdt.launching.internal.org.objectweb.asm.ClassReader::readUnsignedShort (26 bytes)
Event: 411.682 Thread 0x0000014d23c15930  441       3       org.eclipse.jdt.launching.internal.org.objectweb.asm.SymbolTable::addConstantUtf8 (20 bytes)
Event: 411.682 Thread 0x0000014d23c15930 nmethod 441 0x0000014d0d201410 code [0x0000014d0d2015e0, 0x0000014d0d201888]
Event: 411.683 Thread 0x0000014d23367cf0 nmethod 440 0x0000014d146c0790 code [0x0000014d146c0920, 0x0000014d146c0a18]
Event: 614.374 Thread 0x0000014d23367cf0  442       4       java.lang.StringUTF16::compress (50 bytes)
Event: 614.386 Thread 0x0000014d23367cf0 

Event: 1636.199 Thread 0x0000014d23367cf0  443       4       org.eclipse.jdt.launching.internal.org.objectweb.asm.ClassReader::getItem (7 bytes)
Event: 1636.203 Thread 0x0000014d23367cf0 


GC Heap History (0 events):
No events

Deoptimization events (20 events):
Event: 5.603 Thread 0x0000014d07992040 DEOPT PACKING pc=0x0000014d0d1e19ac sp=0x00000012b24fb730
Event: 5.603 Thread 0x0000014d07992040 DEOPT UNPACKING pc=0x0000014d0cc1e23f sp=0x00000012b24fabf8 mode 0
Event: 5.604 Thread 0x0000014d07992040 DEOPT PACKING pc=0x0000014d0d1e19ac sp=0x00000012b24fb730
Event: 5.604 Thread 0x0000014d07992040 DEOPT UNPACKING pc=0x0000014d0cc1e23f sp=0x00000012b24fabf8 mode 0
Event: 5.605 Thread 0x0000014d07992040 DEOPT PACKING pc=0x0000014d0d1e19ac sp=0x00000012b24fb730
Event: 5.605 Thread 0x0000014d07992040 DEOPT UNPACKING pc=0x0000014d0cc1e23f sp=0x00000012b24fabf8 mode 0
Event: 5.617 Thread 0x0000014d07992040 DEOPT PACKING pc=0x0000014d0d1e19ac sp=0x00000012b24f7bd0
Event: 5.617 Thread 0x0000014d07992040 DEOPT UNPACKING pc=0x0000014d0cc1e23f sp=0x00000012b24f7098 mode 0
Event: 5.627 Thread 0x0000014d07992040 DEOPT PACKING pc=0x0000014d0d1e19ac sp=0x00000012b24f7bd0
Event: 5.627 Thread 0x0000014d07992040 DEOPT UNPACKING pc=0x0000014d0cc1e23f sp=0x00000012b24f7098 mode 0
Event: 5.629 Thread 0x0000014d07992040 DEOPT PACKING pc=0x0000014d0d1e19ac sp=0x00000012b24f7bd0
Event: 5.629 Thread 0x0000014d07992040 DEOPT UNPACKING pc=0x0000014d0cc1e23f sp=0x00000012b24f7098 mode 0
Event: 5.630 Thread 0x0000014d07992040 DEOPT PACKING pc=0x0000014d0d1e19ac sp=0x00000012b24f7bd0
Event: 5.630 Thread 0x0000014d07992040 DEOPT UNPACKING pc=0x0000014d0cc1e23f sp=0x00000012b24f7098 mode 0
Event: 5.633 Thread 0x0000014d07992040 DEOPT PACKING pc=0x0000014d0d1e19ac sp=0x00000012b24f7bd0
Event: 5.633 Thread 0x0000014d07992040 DEOPT UNPACKING pc=0x0000014d0cc1e23f sp=0x00000012b24f7098 mode 0
Event: 5.633 Thread 0x0000014d07992040 DEOPT PACKING pc=0x0000014d0d1e19ac sp=0x00000012b24f7bd0
Event: 5.633 Thread 0x0000014d07992040 DEOPT UNPACKING pc=0x0000014d0cc1e23f sp=0x00000012b24f7098 mode 0
Event: 5.634 Thread 0x0000014d07992040 DEOPT PACKING pc=0x0000014d0d1e19ac sp=0x00000012b24f7bd0
Event: 5.634 Thread 0x0000014d07992040 DEOPT UNPACKING pc=0x0000014d0cc1e23f sp=0x00000012b24f7098 mode 0

Classes unloaded (0 events):
No events

Classes redefined (5 events):
Event: 284.957 Thread 0x0000014d2333a460 redefined class name=com.hackerRank.DuplicateCount, count=1
Event: 411.689 Thread 0x0000014d2333a460 redefined class name=com.hackerRank.DuplicateCount, count=2
Event: 571.406 Thread 0x0000014d2333a460 redefined class name=com.hackerRank.DuplicateCount, count=3
Event: 614.376 Thread 0x0000014d2333a460 redefined class name=com.hackerRank.DuplicateCount, count=4
Event: 1636.201 Thread 0x0000014d2333a460 redefined class name=com.hackerRank.DuplicateCount, count=5

Internal exceptions (4 events):
Event: 5.118 Thread 0x0000014d07992040 Exception <a 'java/lang/NoSuchMethodError'{0x000000008971f350}: 'void java.lang.invoke.DirectMethodHandle$Holder.invokeStatic(java.lang.Object, java.lang.Object)'> (0x000000008971f350) 
thrown [./open/src/hotspot/share/interpreter/linkResolver.cpp, line 782]
Event: 5.119 Thread 0x0000014d07992040 Exception <a 'java/lang/NoSuchMethodError'{0x0000000089722ff8}: 'void java.lang.invoke.DirectMethodHandle$Holder.invokeStaticInit(java.lang.Object, java.lang.Object)'> (0x0000000089722ff8) 
thrown [./open/src/hotspot/share/interpreter/linkResolver.cpp, line 782]
Event: 5.528 Thread 0x0000014d07992040 Exception <a 'java/lang/NoSuchMethodError'{0x0000000089504248}: 'java.lang.Object java.lang.invoke.DirectMethodHandle$Holder.invokeStatic(java.lang.Object)'> (0x0000000089504248) 
thrown [./open/src/hotspot/share/interpreter/linkResolver.cpp, line 782]
Event: 4263.917 Thread 0x0000014d23e04a10 Exception <a 'java/lang/LinkageError'{0x00000000898b8a48}> (0x00000000898b8a48) 
thrown [./open/src/hotspot/share/oops/generateOopMap.cpp, line 2137]

Events (20 events):
Event: 614.388 Executing VM operation: ChangeBreakpoints
Event: 614.388 Executing VM operation: ChangeBreakpoints done
Event: 614.390 Executing VM operation: GetFrameCount
Event: 614.390 Executing VM operation: GetFrameCount done
Event: 614.390 Executing VM operation: GetStackTrace
Event: 614.390 Executing VM operation: GetStackTrace done
Event: 1636.200 Executing VM operation: RedefineClasses
Event: 1636.203 Executing VM operation: RedefineClasses done
Event: 1636.207 Executing VM operation: ChangeBreakpoints
Event: 1636.207 Executing VM operation: ChangeBreakpoints done
Event: 1636.212 Executing VM operation: ChangeBreakpoints
Event: 1636.212 Executing VM operation: ChangeBreakpoints done
Event: 1636.213 Executing VM operation: GetFrameCount
Event: 1636.213 Executing VM operation: GetFrameCount done
Event: 1636.213 Executing VM operation: GetStackTrace
Event: 1636.213 Executing VM operation: GetStackTrace done
Event: 4263.558 Executing VM operation: GetFrameCount
Event: 4263.558 Executing VM operation: GetFrameCount done
Event: 4263.916 Executing VM operation: GetFrameCount
Event: 4263.916 Executing VM operation: GetFrameCount done


Dynamic libraries:
0x00007ff703240000 - 0x00007ff70324d000 	C:\Users\ishab\Downloads\eclipse-java-2021-03-R-win32-x86_64\eclipse\plugins\org.eclipse.justj.openjdk.hotspot.jre.full.win32.x86_64_15.0.2.v20210201-0955\jre\bin\javaw.exe
0x00007ffa17110000 - 0x00007ffa17305000 	C:\WINDOWS\SYSTEM32\ntdll.dll
0x00007ffa16c90000 - 0x00007ffa16d4d000 	C:\WINDOWS\System32\KERNEL32.DLL
0x00007ffa14d10000 - 0x00007ffa14fd8000 	C:\WINDOWS\System32\KERNELBASE.dll
0x00007ffa14a10000 - 0x00007ffa14b10000 	C:\WINDOWS\System32\ucrtbase.dll
0x00007ffa0f220000 - 0x00007ffa0f238000 	C:\Users\ishab\Downloads\eclipse-java-2021-03-R-win32-x86_64\eclipse\plugins\org.eclipse.justj.openjdk.hotspot.jre.full.win32.x86_64_15.0.2.v20210201-0955\jre\bin\jli.dll
0x00007ffa16590000 - 0x00007ffa16730000 	C:\WINDOWS\System32\USER32.dll
0x00007ffa149e0000 - 0x00007ffa14a02000 	C:\WINDOWS\System32\win32u.dll
0x00007ffa15630000 - 0x00007ffa1565a000 	C:\WINDOWS\System32\GDI32.dll
0x00007ffa15060000 - 0x00007ffa1516b000 	C:\WINDOWS\System32\gdi32full.dll
0x00007ffa14c70000 - 0x00007ffa14d0d000 	C:\WINDOWS\System32\msvcp_win.dll
0x00007ffa0cbd0000 - 0x00007ffa0cbe9000 	C:\Users\ishab\Downloads\eclipse-java-2021-03-R-win32-x86_64\eclipse\plugins\org.eclipse.justj.openjdk.hotspot.jre.full.win32.x86_64_15.0.2.v20210201-0955\jre\bin\VCRUNTIME140.dll
0x00007ffa04180000 - 0x00007ffa0441a000 	C:\WINDOWS\WinSxS\amd64_microsoft.windows.common-controls_6595b64144ccf1df_6.0.19041.844_none_ca00b6081b84eb1d\COMCTL32.dll
0x00007ffa163d0000 - 0x00007ffa1646e000 	C:\WINDOWS\System32\msvcrt.dll
0x00007ffa170a0000 - 0x00007ffa170d0000 	C:\WINDOWS\System32\IMM32.DLL
0x00007ffa0caf0000 - 0x00007ffa0cafc000 	C:\Users\ishab\Downloads\eclipse-java-2021-03-R-win32-x86_64\eclipse\plugins\org.eclipse.justj.openjdk.hotspot.jre.full.win32.x86_64_15.0.2.v20210201-0955\jre\bin\vcruntime140_1.dll
0x00007ff9fb910000 - 0x00007ff9fb9a1000 	C:\Users\ishab\Downloads\eclipse-java-2021-03-R-win32-x86_64\eclipse\plugins\org.eclipse.justj.openjdk.hotspot.jre.full.win32.x86_64_15.0.2.v20210201-0955\jre\bin\msvcp140.dll
0x00007ff9d4370000 - 0x00007ff9d4ece000 	C:\Users\ishab\Downloads\eclipse-java-2021-03-R-win32-x86_64\eclipse\plugins\org.eclipse.justj.openjdk.hotspot.jre.full.win32.x86_64_15.0.2.v20210201-0955\jre\bin\server\jvm.dll
0x00007ffa16ff0000 - 0x00007ffa1709c000 	C:\WINDOWS\System32\ADVAPI32.dll
0x00007ffa15320000 - 0x00007ffa153bb000 	C:\WINDOWS\System32\sechost.dll
0x00007ffa15500000 - 0x00007ffa1562b000 	C:\WINDOWS\System32\RPCRT4.dll
0x00007ffa163c0000 - 0x00007ffa163c8000 	C:\WINDOWS\System32\PSAPI.DLL
0x00007ffa13010000 - 0x00007ffa13019000 	C:\WINDOWS\SYSTEM32\WSOCK32.dll
0x00007ffa16520000 - 0x00007ffa1658b000 	C:\WINDOWS\System32\WS2_32.dll
0x00007ffa05360000 - 0x00007ffa05387000 	C:\WINDOWS\SYSTEM32\WINMM.dll
0x00007ffa0b7c0000 - 0x00007ffa0b7ca000 	C:\WINDOWS\SYSTEM32\VERSION.dll
0x00007ffa13120000 - 0x00007ffa13132000 	C:\WINDOWS\SYSTEM32\kernel.appcore.dll
0x00007ffa11c60000 - 0x00007ffa11c6a000 	C:\Users\ishab\Downloads\eclipse-java-2021-03-R-win32-x86_64\eclipse\plugins\org.eclipse.justj.openjdk.hotspot.jre.full.win32.x86_64_15.0.2.v20210201-0955\jre\bin\jimage.dll
0x00007ffa12660000 - 0x00007ffa12844000 	C:\WINDOWS\SYSTEM32\DBGHELP.DLL
0x00007ffa0c140000 - 0x00007ffa0c16c000 	C:\WINDOWS\SYSTEM32\dbgcore.DLL
0x00007ffa14fe0000 - 0x00007ffa15060000 	C:\WINDOWS\System32\bcryptPrimitives.dll
0x00007ff9fe5a0000 - 0x00007ff9fe5d9000 	C:\Users\ishab\Downloads\eclipse-java-2021-03-R-win32-x86_64\eclipse\plugins\org.eclipse.justj.openjdk.hotspot.jre.full.win32.x86_64_15.0.2.v20210201-0955\jre\bin\jdwp.dll
0x00007ffa0cae0000 - 0x00007ffa0caee000 	C:\Users\ishab\Downloads\eclipse-java-2021-03-R-win32-x86_64\eclipse\plugins\org.eclipse.justj.openjdk.hotspot.jre.full.win32.x86_64_15.0.2.v20210201-0955\jre\bin\instrument.dll
0x00007ff9fd0b0000 - 0x00007ff9fd0d5000 	C:\Users\ishab\Downloads\eclipse-java-2021-03-R-win32-x86_64\eclipse\plugins\org.eclipse.justj.openjdk.hotspot.jre.full.win32.x86_64_15.0.2.v20210201-0955\jre\bin\java.dll
0x00007ffa0ed80000 - 0x00007ffa0ed98000 	C:\Users\ishab\Downloads\eclipse-java-2021-03-R-win32-x86_64\eclipse\plugins\org.eclipse.justj.openjdk.hotspot.jre.full.win32.x86_64_15.0.2.v20210201-0955\jre\bin\zip.dll
0x00007ffa15660000 - 0x00007ffa15da2000 	C:\WINDOWS\System32\SHELL32.dll
0x00007ffa12850000 - 0x00007ffa12fe0000 	C:\WINDOWS\SYSTEM32\windows.storage.dll
0x00007ffa168b0000 - 0x00007ffa16c05000 	C:\WINDOWS\System32\combase.dll
0x00007ffa141f0000 - 0x00007ffa1421c000 	C:\WINDOWS\SYSTEM32\Wldp.dll
0x00007ffa16e40000 - 0x00007ffa16eee000 	C:\WINDOWS\System32\SHCORE.dll
0x00007ffa16730000 - 0x00007ffa16785000 	C:\WINDOWS\System32\shlwapi.dll
0x00007ffa14790000 - 0x00007ffa147af000 	C:\WINDOWS\SYSTEM32\profapi.dll
0x00007ffa09670000 - 0x00007ffa0967b000 	C:\Users\ishab\Downloads\eclipse-java-2021-03-R-win32-x86_64\eclipse\plugins\org.eclipse.justj.openjdk.hotspot.jre.full.win32.x86_64_15.0.2.v20210201-0955\jre\bin\dt_socket.dll
0x00007ffa13c50000 - 0x00007ffa13c8b000 	C:\WINDOWS\SYSTEM32\IPHLPAPI.DLL
0x00007ffa13f60000 - 0x00007ffa13fca000 	C:\WINDOWS\system32\mswsock.dll
0x00007ffa13c90000 - 0x00007ffa13d5c000 	C:\WINDOWS\SYSTEM32\DNSAPI.dll
0x00007ffa16fe0000 - 0x00007ffa16fe8000 	C:\WINDOWS\System32\NSI.dll
0x00007ffa05200000 - 0x00007ffa0520a000 	C:\Windows\System32\rasadhlp.dll
0x00007ffa05aa0000 - 0x00007ffa05b1f000 	C:\WINDOWS\System32\fwpuclnt.dll
0x00007ffa149b0000 - 0x00007ffa149d7000 	C:\WINDOWS\System32\bcrypt.dll
0x00007ffa0adb0000 - 0x00007ffa0adc9000 	C:\Users\ishab\Downloads\eclipse-java-2021-03-R-win32-x86_64\eclipse\plugins\org.eclipse.justj.openjdk.hotspot.jre.full.win32.x86_64_15.0.2.v20210201-0955\jre\bin\net.dll
0x00007ffa05d70000 - 0x00007ffa05e7b000 	C:\WINDOWS\SYSTEM32\WINHTTP.dll
0x00007ffa0ac90000 - 0x00007ffa0aca2000 	C:\Users\ishab\Downloads\eclipse-java-2021-03-R-win32-x86_64\eclipse\plugins\org.eclipse.justj.openjdk.hotspot.jre.full.win32.x86_64_15.0.2.v20210201-0955\jre\bin\nio.dll
0x00007ffa11c50000 - 0x00007ffa11c60000 	C:\Users\ishab\Downloads\eclipse-java-2021-03-R-win32-x86_64\eclipse\plugins\org.eclipse.justj.openjdk.hotspot.jre.full.win32.x86_64_15.0.2.v20210201-0955\jre\bin\verify.dll

dbghelp: loaded successfully - version: 4.0.5 - missing functions: none
symbol engine: initialized successfully - sym options: 0x614 - pdb path: .;C:\Users\ishab\Downloads\eclipse-java-2021-03-R-win32-x86_64\eclipse\plugins\org.eclipse.justj.openjdk.hotspot.jre.full.win32.x86_64_15.0.2.v20210201-0955\jre\bin;C:\WINDOWS\SYSTEM32;C:\WINDOWS\WinSxS\amd64_microsoft.windows.common-controls_6595b64144ccf1df_6.0.19041.844_none_ca00b6081b84eb1d;C:\Users\ishab\Downloads\eclipse-java-2021-03-R-win32-x86_64\eclipse\plugins\org.eclipse.justj.openjdk.hotspot.jre.full.win32.x86_64_15.0.2.v20210201-0955\jre\bin\server

VM Arguments:
jvm_args: -XX:+ShowCodeDetailsInExceptionMessages -agentlib:jdwp=transport=dt_socket,suspend=y,address=localhost:65098 -javaagent:C:\Users\ishab\Downloads\eclipse-java-2021-03-R-win32-x86_64\eclipse\configuration\org.eclipse.osgi\222\0\.cp\lib\javaagent-shaded.jar -Dfile.encoding=Cp1252 
java_command: com.hackerRank.DuplicateCount
java_class_path (initial): C:\Users\ishab\eclipse-workspace\HackerRank\bin
Launcher Type: SUN_STANDARD

[Global flags]
     intx CICompilerCount                          = 3                                         {product} {ergonomic}
     uint ConcGCThreads                            = 1                                         {product} {ergonomic}
     uint G1ConcRefinementThreads                  = 4                                         {product} {ergonomic}
   size_t G1HeapRegionSize                         = 1048576                                   {product} {ergonomic}
    uintx GCDrainStackTargetSize                   = 64                                        {product} {ergonomic}
   size_t InitialHeapSize                          = 134217728                                 {product} {ergonomic}
   size_t MarkStackSize                            = 4194304                                   {product} {ergonomic}
   size_t MaxHeapSize                              = 2120220672                                {product} {ergonomic}
   size_t MaxNewSize                               = 1271922688                                {product} {ergonomic}
   size_t MinHeapDeltaBytes                        = 1048576                                   {product} {ergonomic}
   size_t MinHeapSize                              = 8388608                                   {product} {ergonomic}
    uintx NonNMethodCodeHeapSize                   = 5832780                                {pd product} {ergonomic}
    uintx NonProfiledCodeHeapSize                  = 122912730                              {pd product} {ergonomic}
    uintx ProfiledCodeHeapSize                     = 122912730                              {pd product} {ergonomic}
    uintx ReservedCodeCacheSize                    = 251658240                              {pd product} {ergonomic}
     bool SegmentedCodeCache                       = true                                      {product} {ergonomic}
     bool ShowCodeDetailsInExceptionMessages       = true                                   {manageable} {command line}
   size_t SoftMaxHeapSize                          = 2120220672                             {manageable} {ergonomic}
     bool UseCompressedClassPointers               = true                                 {lp64_product} {ergonomic}
     bool UseCompressedOops                        = true                                 {lp64_product} {ergonomic}
     bool UseG1GC                                  = true                                      {product} {ergonomic}
     bool UseLargePagesIndividualAllocation        = false                                  {pd product} {ergonomic}

Logging:
Log output configuration:
 #0: stdout all=warning uptime,level,tags
 #1: stderr all=off uptime,level,tags

Environment Variables:
CLASSPATH=C:\Java
PATH=C:\Users\ishab\Downloads\eclipse-java-2021-03-R-win32-x86_64\eclipse\plugins\org.eclipse.justj.openjdk.hotspot.jre.full.win32.x86_64_15.0.2.v20210201-0955\jre\bin;C:/Users/ishab/Downloads/eclipse-java-2021-03-R-win32-x86_64/eclipse//plugins/org.eclipse.justj.openjdk.hotspot.jre.full.win32.x86_64_15.0.2.v20210201-0955/jre/bin/server;C:/Users/ishab/Downloads/eclipse-java-2021-03-R-win32-x86_64/eclipse//plugins/org.eclipse.justj.openjdk.hotspot.jre.full.win32.x86_64_15.0.2.v20210201-0955/jre/bin;C:\Program Files (x86)\Common Files\Oracle\Java\javapath;C:\Java\jdk-11.0.2\bin;C:\Program Files\Intel\iCLS Client\;C:\WINDOWS\system32;C:\WINDOWS;C:\WINDOWS\System32\Wbem;C:\WINDOWS\System32\WindowsPowerShell\v1.0\;C:\Program Files (x86)\Intel\Intel(R) Management Engine Components\DAL;C:\Program Files\Intel\Intel(R) Management Engine Components\DAL;C:\Program Files (x86)\Intel\Intel(R) Management Engine Components\IPT;C:\Program Files\Intel\Intel(R) Management Engine Components\IPT;C:\WINDOWS\System32\OpenSSH\;C:\Program Files\Intel\WiFi\bin\;C:\Program Files\Common Files\Intel\WirelessCommon\;C:\Program Files\Docker\Docker\resources\bin;C:\ProgramData\DockerDesktop\version-bin;C:\Program Files (x86)\PuTTY\;C:\Program Files\Git\cmd;C:\Users\ishab\AppData\Local\Microsoft\WindowsApps;;C:\Users\ishab\Downloads\eclipse-java-2021-03-R-win32-x86_64\eclipse;
USERNAME=ishab
OS=Windows_NT
PROCESSOR_IDENTIFIER=Intel64 Family 6 Model 78 Stepping 3, GenuineIntel



---------------  S Y S T E M  ---------------

OS:
 Windows 10 , 64 bit Build 19041 (10.0.19041.928)
OS uptime: 0 days 11:40 hours

CPU: total 4 (initial active 4) (2 cores per cpu, 2 threads per core) family 6 model 78 stepping 3 microcode 0xd6, cmov, cx8, fxsr, mmx, sse, sse2, sse3, ssse3, sse4.1, sse4.2, popcnt, vzeroupper, avx, avx2, aes, clmul, erms, 3dnowpref, lzcnt, ht, tsc, tscinvbit, bmi1, bmi2, adx, fma, clflush, clflushopt

Memory: 4k page, system-wide physical 8082M (1869M free)
TotalPageFile size 20771M (AvailPageFile size 11138M)
current process WorkingSet (physical memory assigned to process): 26M, peak: 46M
current process commit charge ("private bytes"): 202M, peak: 204M

vm_info: OpenJDK 64-Bit Server VM (15.0.2+7-27) for windows-amd64 JRE (15.0.2+7-27), built on Dec  7 2020 20:02:38 by "mach5one" with unknown MS VC++:1925

END.
